18:28:12.912 [main] INFO  testCases.TC001_AccountRegistrationTest -*******validating  expected msg*********
18:28:12.987 [main] INFO  testCases.TC001_AccountRegistrationTest -*****************Finish TC001_AccountRegistrationTest **********
18:28:16.744 [main] INFO  testCases.TC002_Logintest -************ Start test cases TC002***********
18:28:17.879 [main] INFO  testCases.TC002_Logintest -************ Start loginPage***********
18:31:17.210 [main] INFO  testCases.TC002_Logintest -************ Start test cases TC002***********
18:31:18.221 [main] INFO  testCases.TC002_Logintest -************ Start loginPage***********
18:42:22.157 [main] INFO  testCases.TC002_Logintest -************ Start test cases TC002***********
18:42:22.955 [main] INFO  testCases.TC002_Logintest -************ Start loginPage***********
18:44:02.969 [main] INFO  testCases.TC002_Logintest -************ Start test cases TC002***********
18:44:03.728 [main] INFO  testCases.TC002_Logintest -************ Start loginPage***********
18:45:18.055 [main] INFO  testCases.TC002_Logintest -************ Start test cases TC002***********
18:45:19.104 [main] INFO  testCases.TC002_Logintest -************ Start loginPage***********
18:46:26.428 [main] INFO  testCases.TC002_Logintest -************ Start test cases TC002***********
18:46:27.503 [main] INFO  testCases.TC002_Logintest -************ Start loginPage***********
18:46:28.677 [main] INFO  testCases.TC002_Logintest -************  End TC002***********
18:47:53.867 [main] INFO  testCases.TC001_AccountRegistrationTest -*******Starting Test case*********
18:47:54.734 [main] INFO  testCases.TC001_AccountRegistrationTest -*******Click on resister link*********
18:47:54.747 [main] INFO  testCases.TC001_AccountRegistrationTest -*******providing customer data*********
18:47:58.489 [main] INFO  testCases.TC001_AccountRegistrationTest -*******validating  expected msg*********
18:47:58.544 [main] INFO  testCases.TC001_AccountRegistrationTest -*****************Finish TC001_AccountRegistrationTest **********
18:48:02.550 [main] INFO  testCases.TC002_Logintest -************ Start test cases TC002***********
18:48:03.622 [main] INFO  testCases.TC002_Logintest -************ Start loginPage***********
18:48:04.691 [main] INFO  testCases.TC002_Logintest -************  End TC002***********
19:01:53.032 [main] INFO  testCases.TC001_AccountRegistrationTest -*******Starting Test case*********
19:01:54.206 [main] INFO  testCases.TC001_AccountRegistrationTest -*******Click on resister link*********
19:01:54.216 [main] INFO  testCases.TC001_AccountRegistrationTest -*******providing customer data*********
19:01:57.961 [main] INFO  testCases.TC001_AccountRegistrationTest -*******validating  expected msg*********
19:01:58.012 [main] INFO  testCases.TC001_AccountRegistrationTest -*****************Finish TC001_AccountRegistrationTest **********
19:02:01.798 [main] INFO  testCases.TC002_Logintest -************ Start test cases TC002***********
19:02:02.917 [main] INFO  testCases.TC002_Logintest -************ Start loginPage***********
19:02:03.945 [main] INFO  testCases.TC002_Logintest -************  End TC002***********
23:14:44.938 [main] INFO  testCases.TC001_AccountRegistrationTest -*******Starting Test case*********
23:14:46.568 [main] INFO  testCases.TC001_AccountRegistrationTest -*******Click on resister link*********
23:14:46.593 [main] INFO  testCases.TC001_AccountRegistrationTest -*******providing customer data*********
23:14:50.629 [main] INFO  testCases.TC001_AccountRegistrationTest -*******validating  expected msg*********
23:14:50.683 [main] INFO  testCases.TC001_AccountRegistrationTest -*****************Finish TC001_AccountRegistrationTest **********
23:14:54.108 [main] INFO  testCases.TC002_Logintest -************ Start test cases TC002***********
23:14:54.972 [main] INFO  testCases.TC002_Logintest -************ Start loginPage***********
23:15:55.853 [main] INFO  testCases.TC001_AccountRegistrationTest -*******Starting Test case*********
23:15:57.052 [main] INFO  testCases.TC001_AccountRegistrationTest -*******Click on resister link*********
23:15:57.063 [main] INFO  testCases.TC001_AccountRegistrationTest -*******providing customer data*********
23:16:00.762 [main] INFO  testCases.TC001_AccountRegistrationTest -*******validating  expected msg*********
23:16:00.808 [main] INFO  testCases.TC001_AccountRegistrationTest -*****************Finish TC001_AccountRegistrationTest **********
23:16:04.661 [main] INFO  testCases.TC002_Logintest -************ Start test cases TC002***********
23:16:05.374 [main] INFO  testCases.TC002_Logintest -************ Start loginPage***********
23:20:13.988 [main] INFO  testCases.TC002_Logintest -************ Start test cases TC002***********
23:20:15.033 [main] INFO  testCases.TC002_Logintest -************ Start loginPage***********
23:25:44.847 [main] INFO  testCases.TC002_Logintest -************ Start test cases TC002***********
23:25:45.626 [main] INFO  testCases.TC002_Logintest -************ Start loginPage***********
