12:40:51.454 [main] INFO  testCases.TC001_AccountRegistrationTest -*******Click on resister link*********
12:40:51.474 [main] INFO  testCases.TC001_AccountRegistrationTest -*******providing customer data*********
12:40:55.161 [main] INFO  testCases.TC001_AccountRegistrationTest -*******validating  expected msg*********
12:40:55.216 [main] INFO  testCases.TC001_AccountRegistrationTest -*****************Finish TC001_AccountRegistrationTest **********
12:40:59.208 [main] INFO  testCases.TC002_Logintest -************ Start test cases TC002***********
12:41:00.026 [main] INFO  testCases.TC002_Logintest -************ Start loginPage***********
12:46:10.666 [main] INFO  testCases.TC001_AccountRegistrationTest -*******Starting Test case*********
12:46:11.807 [main] INFO  testCases.TC001_AccountRegistrationTest -*******Click on resister link*********
12:46:11.814 [main] INFO  testCases.TC001_AccountRegistrationTest -*******providing customer data*********
12:46:15.491 [main] INFO  testCases.TC001_AccountRegistrationTest -*******validating  expected msg*********
12:46:15.551 [main] INFO  testCases.TC001_AccountRegistrationTest -*****************Finish TC001_AccountRegistrationTest **********
12:46:19.381 [main] INFO  testCases.TC002_Logintest -************ Start test cases TC002***********
12:46:20.378 [main] INFO  testCases.TC002_Logintest -************ Start loginPage***********
13:33:47.160 [main] INFO  testCases.TC001_AccountRegistrationTest -*******Starting Test case*********
13:33:48.955 [main] INFO  testCases.TC001_AccountRegistrationTest -*******Click on resister link*********
13:33:48.981 [main] INFO  testCases.TC001_AccountRegistrationTest -*******providing customer data*********
13:33:53.168 [main] INFO  testCases.TC001_AccountRegistrationTest -*******validating  expected msg*********
13:33:53.226 [main] INFO  testCases.TC001_AccountRegistrationTest -*****************Finish TC001_AccountRegistrationTest **********
13:33:56.827 [main] INFO  testCases.TC002_Logintest -************ Start test cases TC002***********
13:33:58.054 [main] INFO  testCases.TC002_Logintest -************ Start loginPage***********
13:34:31.285 [main] INFO  testCases.TC001_AccountRegistrationTest -*******Starting Test case*********
13:34:32.679 [main] INFO  testCases.TC001_AccountRegistrationTest -*******Click on resister link*********
13:34:32.688 [main] INFO  testCases.TC001_AccountRegistrationTest -*******providing customer data*********
13:34:36.373 [main] INFO  testCases.TC001_AccountRegistrationTest -*******validating  expected msg*********
13:34:36.427 [main] INFO  testCases.TC001_AccountRegistrationTest -*****************Finish TC001_AccountRegistrationTest **********
13:34:39.942 [main] INFO  testCases.TC002_Logintest -************ Start test cases TC002***********
13:34:40.927 [main] INFO  testCases.TC002_Logintest -************ Start loginPage***********
13:40:27.539 [main] INFO  testCases.TC001_AccountRegistrationTest -*******Starting Test case*********
13:40:28.688 [main] INFO  testCases.TC001_AccountRegistrationTest -*******Click on resister link*********
13:40:28.692 [main] INFO  testCases.TC001_AccountRegistrationTest -*******providing customer data*********
13:40:32.479 [main] INFO  testCases.TC001_AccountRegistrationTest -*******validating  expected msg*********
13:40:32.530 [main] INFO  testCases.TC001_AccountRegistrationTest -*****************Finish TC001_AccountRegistrationTest **********
13:40:35.988 [main] INFO  testCases.TC002_Logintest -************ Start test cases TC002***********
13:40:36.993 [main] INFO  testCases.TC002_Logintest -************ Start loginPage***********
13:50:54.162 [main] INFO  testCases.TC001_AccountRegistrationTest -*******Starting Test case*********
13:50:55.819 [main] INFO  testCases.TC001_AccountRegistrationTest -*******Click on resister link*********
13:50:55.829 [main] INFO  testCases.TC001_AccountRegistrationTest -*******providing customer data*********
13:50:59.885 [main] INFO  testCases.TC001_AccountRegistrationTest -*******validating  expected msg*********
13:50:59.944 [main] INFO  testCases.TC001_AccountRegistrationTest -*****************Finish TC001_AccountRegistrationTest **********
13:51:04.077 [main] INFO  testCases.TC002_Logintest -************ Start test cases TC002***********
13:51:05.089 [main] INFO  testCases.TC002_Logintest -************ Start loginPage***********
16:29:10.005 [main] INFO  testCases.TC001_AccountRegistrationTest -*******Starting Test case*********
16:29:11.953 [main] INFO  testCases.TC001_AccountRegistrationTest -*******Click on resister link*********
16:29:11.977 [main] INFO  testCases.TC001_AccountRegistrationTest -*******providing customer data*********
16:29:15.935 [main] INFO  testCases.TC001_AccountRegistrationTest -*******validating  expected msg*********
16:29:15.994 [main] INFO  testCases.TC001_AccountRegistrationTest -*****************Finish TC001_AccountRegistrationTest **********
16:29:18.941 [main] INFO  testCases.TC002_Logintest -************ Start test cases TC002***********
