16:29:20.564 [main] INFO  testCases.TC002_Logintest -************ Start loginPage***********
16:31:36.017 [main] INFO  testCases.TC001_AccountRegistrationTest -*******Starting Test case*********
16:31:37.038 [main] INFO  testCases.TC001_AccountRegistrationTest -*******Click on resister link*********
16:31:37.047 [main] INFO  testCases.TC001_AccountRegistrationTest -*******providing customer data*********
16:31:40.845 [main] INFO  testCases.TC001_AccountRegistrationTest -*******validating  expected msg*********
16:31:40.897 [main] INFO  testCases.TC001_AccountRegistrationTest -*****************Finish TC001_AccountRegistrationTest **********
16:31:44.355 [main] INFO  testCases.TC002_Logintest -************ Start test cases TC002***********
16:31:45.434 [main] INFO  testCases.TC002_Logintest -************ Start loginPage***********
16:43:05.760 [main] INFO  testCases.TC001_AccountRegistrationTest -*******Starting Test case*********
16:43:07.360 [main] INFO  testCases.TC001_AccountRegistrationTest -*******Click on resister link*********
16:43:07.363 [main] INFO  testCases.TC001_AccountRegistrationTest -*******providing customer data*********
16:43:11.078 [main] INFO  testCases.TC001_AccountRegistrationTest -*******validating  expected msg*********
16:43:11.128 [main] INFO  testCases.TC001_AccountRegistrationTest -*****************Finish TC001_AccountRegistrationTest **********
16:43:14.118 [main] INFO  testCases.TC002_Logintest -************ Start test cases TC002***********
16:43:15.615 [main] INFO  testCases.TC002_Logintest -************ Start loginPage***********
16:49:11.127 [main] INFO  testCases.TC001_AccountRegistrationTest -*******Starting Test case*********
16:49:12.231 [main] INFO  testCases.TC001_AccountRegistrationTest -*******Click on resister link*********
16:49:12.240 [main] INFO  testCases.TC001_AccountRegistrationTest -*******providing customer data*********
16:49:15.985 [main] INFO  testCases.TC001_AccountRegistrationTest -*******validating  expected msg*********
16:49:16.053 [main] INFO  testCases.TC001_AccountRegistrationTest -*****************Finish TC001_AccountRegistrationTest **********
16:49:19.102 [main] INFO  testCases.TC002_Logintest -************ Start test cases TC002***********
16:49:19.863 [main] INFO  testCases.TC002_Logintest -************ Start loginPage***********
16:57:17.181 [main] INFO  testCases.TC001_AccountRegistrationTest -*******Starting Test case*********
16:57:18.271 [main] INFO  testCases.TC001_AccountRegistrationTest -*******Click on resister link*********
16:57:18.278 [main] INFO  testCases.TC001_AccountRegistrationTest -*******providing customer data*********
16:57:21.979 [main] INFO  testCases.TC001_AccountRegistrationTest -*******validating  expected msg*********
16:57:22.033 [main] INFO  testCases.TC001_AccountRegistrationTest -*****************Finish TC001_AccountRegistrationTest **********
16:57:25.056 [main] INFO  testCases.TC002_Logintest -************ Start test cases TC002***********
16:57:26.450 [main] INFO  testCases.TC002_Logintest -************ Start loginPage***********
16:59:52.810 [main] INFO  testCases.TC002_Logintest -************ Start test cases TC002***********
16:59:53.762 [main] INFO  testCases.TC002_Logintest -************ Start loginPage***********
17:00:00.734 [main] INFO  testCases.TC002_Logintest -************  End TC002***********
10:44:59.411 [main] INFO  testCases.TC001_AccountRegistrationTest -*******Starting Test case*********
10:45:01.506 [main] INFO  testCases.TC001_AccountRegistrationTest -*******Click on resister link*********
10:45:01.526 [main] INFO  testCases.TC001_AccountRegistrationTest -*******providing customer data*********
10:45:05.625 [main] INFO  testCases.TC001_AccountRegistrationTest -*******validating  expected msg*********
10:45:05.693 [main] INFO  testCases.TC001_AccountRegistrationTest -*****************Finish TC001_AccountRegistrationTest **********
10:45:10.655 [main] INFO  testCases.TC002_Logintest -************ Start test cases TC002***********
10:45:12.228 [main] INFO  testCases.TC002_Logintest -************ Start loginPage***********
10:45:19.130 [main] INFO  testCases.TC002_Logintest -************  End TC002***********
